Arguments: 
  C:\Program Files\nodejs\node.exe C:\Users\Raj Pancholi\AppData\Roaming\npm\node_modules\yarn\bin\yarn.js start

PATH: 
  C:\Python310\Scripts\;C:\Python310\;C:\Windows\System32;C:\Windows;C:\Windows\System32\Wbem;C:\Windows\System32\WindowsPowerShell\v1.0\;C:\Windows\System32\OpenSSH\;C:\Program Files (x86)\NVIDIA Corporation\PhysX\Common;C:\Program Files\NVIDIA Corporation\NVIDIA NvDLISR;C:\Program Files\Common Files\Autodesk Shared\;C:\Program Files\Microsoft SQL Server\120\Tools\Binn\;C:\Program Files\dotnet\;C:\Users\Raj Pancholi\AppData\Local\Programs\Python\Python39\Scripts\;C:\Users\Raj Pancholi\AppData\Local\Programs\Python\Python39\;C:\Users\Raj Pancholi\AppData\Local\Microsoft\WindowsApps;C:\Program Files (x86)\mingw-w64\i686-8.1.0-posix-dwarf-rt_v6-rev0\mingw32\bin;C:\Users\Raj Pancholi\AppData\Local\Programs\Microsoft VS Code\bin;C:\Program Files\MongoDB\Server\4.4\bin;C:\Program Files\heroku\bin;C:\adb;C:\Program Files\Git\cmd;C:\WINDOWS\system32;C:\WINDOWS;C:\WINDOWS\System32\Wbem;C:\WINDOWS\System32\WindowsPowerShell\v1.0\;C:\WINDOWS\System32\OpenSSH\;C:\Users\Raj Pancholi\AppData\Roaming\npm;C:\ProgramData\chocolatey\bin;C:\Users\Raj Pancholi\AppData\Roaming\npm;C:\Program Files\nodejs\;

Yarn version: 
  1.22.17

Node version: 
  17.2.0

Platform: 
  win32 x64

Trace: 
  SyntaxError: E:\React Projects Clever Programmer\tesla-clone\package.json: Unexpected token / in JSON at position 413
      at JSON.parse (<anonymous>)
      at C:\Users\Raj Pancholi\AppData\Roaming\npm\node_modules\yarn\lib\cli.js:1625:59
      at Generator.next (<anonymous>)
      at step (C:\Users\Raj Pancholi\AppData\Roaming\npm\node_modules\yarn\lib\cli.js:310:30)
      at C:\Users\Raj Pancholi\AppData\Roaming\npm\node_modules\yarn\lib\cli.js:321:13

npm manifest: 
  {
    "name": "tesla-clone",
    "version": "0.1.0",
    "private": true,
    "dependencies": {
      "@emotion/react": "^11.7.1",
      "@emotion/styled": "^11.6.0",
      "@mui/icons-material": "^5.2.5",
      "@mui/material": "^5.2.7",
      "@reduxjs/toolkit": "^1.7.1",
      "@testing-library/jest-dom": "^4.2.4",
      "@testing-library/react": "^9.5.0",
      "@testing-library/user-event": "^7.2.1",
      "react": "^15.3.0",
      // "react": "^17.0.2",
      "react-dom": "^17.0.2",
      "react-redux": "^7.2.6",
      "react-reveal": "^1.2.2",
      "react-scripts": "5.0.0",
      "styled-components": "^5.3.3"
    },
    "scripts": {
      "start": "react-scripts start",
      "build": "react-scripts build",
      "test": "react-scripts test",
      "eject": "react-scripts eject"
    },
    "eslintConfig": {
      "extends": "react-app"
    },
    "browserslist": {
      "production": [
        ">0.2%",
        "not dead",
        "not op_mini all"
      ],
      "development": [
        "last 1 chrome version",
        "last 1 firefox version",
        "last 1 safari version"
      ]
    }
  }

yarn manifest: 
  No manifest

Lockfile: 
  No lockfile
